android/app/build/intermediates/manifest_merge_blame_file/debug/manifest-merger-blame-debug-report.txt
1<?xml version="1.0" encoding="utf-8"?>
2<manifest xmlns:android="http://schemas.android.com/apk/res/android"
3    package="com.dosyapaylasim"
4    android:versionCode="1"
5    android:versionName="1.0" >
6
7    <uses-sdk
8        android:minSdkVersion="16"
9        android:targetSdkVersion="29" />
10
11    <uses-permission android:name="android.permission.SYSTEM_ALERT_WINDOW" />
11-->src\debug\AndroidManifest.xml:5:5-77
11-->src\debug\AndroidManifest.xml:5:22-75
12    <uses-permission android:name="android.permission.INTERNET" />
12-->src\main\AndroidManifest.xml:4:5-67
12-->src\main\AndroidManifest.xml:4:22-64
13    <uses-permission android:name="android.permission.WRITE_EXTERNAL_STORAGE" />
13-->src\main\AndroidManifest.xml:5:7-83
13-->src\main\AndroidManifest.xml:5:24-80
14    <uses-permission android:name="android.permission.READ_EXTERNAL_STORAGE" />
14-->src\main\AndroidManifest.xml:6:7-82
14-->src\main\AndroidManifest.xml:6:24-79
15    <uses-permission android:name="android.permission.WRITE_EXTERNAL_STORAGE" />
15-->src\main\AndroidManifest.xml:5:7-83
15-->src\main\AndroidManifest.xml:5:24-80
16    <uses-permission android:name="android.permission.DOWNLOAD_WITHOUT_NOTIFICATION" />
16-->src\main\AndroidManifest.xml:8:5-88
16-->src\main\AndroidManifest.xml:8:22-85
17    <uses-permission android:name="android.permission.ACCESS_WIFI_STATE" />
17-->[com.facebook.flipper:flipper:0.37.0] AndroidManifest.xml:16:5-76
17-->[com.facebook.flipper:flipper:0.37.0] AndroidManifest.xml:16:22-73
18    <uses-permission android:name="android.permission.ACCESS_NETWORK_STATE" /> <!-- Required to access Google Play Licensing -->
18-->[:react-native-community_netinfo] AndroidManifest.xml:9:5-79
18-->[:react-native-community_netinfo] AndroidManifest.xml:9:22-76
19    <uses-permission android:name="com.android.vending.CHECK_LICENSE" />
19-->[:rn-fetch-blob] AndroidManifest.xml:12:5-73
19-->[:rn-fetch-blob] AndroidManifest.xml:12:22-70
20    <!--
21         Required to keep CPU alive while downloading files
22        (NOT to keep screen awake)
23    -->
24    <uses-permission android:name="android.permission.WAKE_LOCK" />
24-->[:rn-fetch-blob] AndroidManifest.xml:21:5-68
24-->[:rn-fetch-blob] AndroidManifest.xml:21:22-65
25
26    <application
26-->src\main\AndroidManifest.xml:9:5-28:19
27        android:name="com.dosyapaylasim.MainApplication"
27-->src\main\AndroidManifest.xml:10:7-38
28        android:allowBackup="false"
28-->src\main\AndroidManifest.xml:14:7-34
29        android:appComponentFactory="androidx.core.app.CoreComponentFactory"
29-->[androidx.core:core:1.5.0-alpha03] AndroidManifest.xml:24:18-86
30        android:debuggable="true"
31        android:icon="@mipmap/ic_launcher"
31-->src\main\AndroidManifest.xml:12:7-41
32        android:label="@string/app_name"
32-->src\main\AndroidManifest.xml:11:7-39
33        android:roundIcon="@mipmap/ic_launcher_round"
33-->src\main\AndroidManifest.xml:13:7-52
34        android:theme="@style/AppTheme"
34-->src\main\AndroidManifest.xml:15:7-38
35        android:usesCleartextTraffic="true" >
35-->src\debug\AndroidManifest.xml:7:18-53
36        <activity
36-->src\main\AndroidManifest.xml:16:7-26:18
37            android:name="com.dosyapaylasim.MainActivity"
37-->src\main\AndroidManifest.xml:17:9-37
38            android:configChanges="keyboard|keyboardHidden|orientation|screenSize|uiMode"
38-->src\main\AndroidManifest.xml:19:9-86
39            android:label="@string/app_name"
39-->src\main\AndroidManifest.xml:18:9-41
40            android:launchMode="singleTask"
40-->src\main\AndroidManifest.xml:20:9-40
41            android:windowSoftInputMode="adjustResize" >
41-->src\main\AndroidManifest.xml:21:9-51
42            <intent-filter>
42-->src\main\AndroidManifest.xml:22:9-25:25
43                <action android:name="android.intent.action.MAIN" />
43-->src\main\AndroidManifest.xml:23:13-65
43-->src\main\AndroidManifest.xml:23:21-62
44
45                <category android:name="android.intent.category.LAUNCHER" />
45-->src\main\AndroidManifest.xml:24:13-73
45-->src\main\AndroidManifest.xml:24:23-70
46            </intent-filter>
47        </activity>
48        <activity android:name="com.facebook.react.devsupport.DevSettingsActivity" />
48-->src\main\AndroidManifest.xml:27:7-84
48-->src\main\AndroidManifest.xml:27:17-81
49
50        <provider
50-->[:react-native-webview] AndroidManifest.xml:12:9-20:20
51            android:name="com.reactnativecommunity.webview.RNCWebViewFileProvider"
51-->[:react-native-webview] AndroidManifest.xml:13:13-83
52            android:authorities="com.dosyapaylasim.fileprovider"
52-->[:react-native-webview] AndroidManifest.xml:14:13-64
53            android:exported="false"
53-->[:react-native-webview] AndroidManifest.xml:15:13-37
54            android:grantUriPermissions="true" >
54-->[:react-native-webview] AndroidManifest.xml:16:13-47
55            <meta-data
55-->[:react-native-webview] AndroidManifest.xml:17:13-19:63
56                android:name="android.support.FILE_PROVIDER_PATHS"
56-->[:react-native-webview] AndroidManifest.xml:18:17-67
57                android:resource="@xml/file_provider_paths" />
57-->[:react-native-webview] AndroidManifest.xml:19:17-60
58        </provider>
59        <provider
59-->[:rn-fetch-blob] AndroidManifest.xml:36:9-44:20
60            android:name="com.RNFetchBlob.Utils.FileProvider"
60-->[:rn-fetch-blob] AndroidManifest.xml:37:13-62
61            android:authorities="com.dosyapaylasim.provider"
61-->[:rn-fetch-blob] AndroidManifest.xml:38:13-60
62            android:exported="false"
62-->[:rn-fetch-blob] AndroidManifest.xml:39:13-37
63            android:grantUriPermissions="true" >
63-->[:rn-fetch-blob] AndroidManifest.xml:40:13-47
64            <meta-data
64-->[:react-native-webview] AndroidManifest.xml:17:13-19:63
65                android:name="android.support.FILE_PROVIDER_PATHS"
65-->[:react-native-webview] AndroidManifest.xml:18:17-67
66                android:resource="@xml/provider_paths" />
66-->[:react-native-webview] AndroidManifest.xml:19:17-60
67        </provider>
68    </application>
69
70</manifest>